<?xml version="1.0" encoding="UTF-8"?>
<!-- Generated by org.testng.reporters.JUnitReportReporter -->
<testsuite hostname="DESKTOP-DJM4LND" failures="0" tests="3" name="TestRunner.TestRunner2" time="102.152" errors="0" timestamp="2022-11-14T11:50:10 IST" skipped="0">
  <testcase classname="TestRunner.TestRunner2" name="runScenario" time="38.764"/>
  <system-out/>
  <testcase classname="TestRunner.TestRunner2" name="runScenario" time="28.000"/>
  <system-out/>
  <testcase classname="TestRunner.TestRunner2" name="runScenario" time="35.388"/>
  <system-out/>
</testsuite> <!-- TestRunner.TestRunner2 -->
