<?xml version="1.0" encoding="UTF-8"?>
<!-- Generated by org.testng.reporters.JUnitReportReporter -->
<testsuite hostname="DESKTOP-DJM4LND" failures="0" tests="1" name="TestRunner.TestRunner" time="34.492" errors="0" timestamp="2022-12-13T08:36:07 IST" skipped="0">
  <testcase classname="TestRunner.TestRunner" name="runScenario" time="34.492"/>
  <system-out/>
</testsuite> <!-- TestRunner.TestRunner -->
