<?xml version="1.0" encoding="UTF-8"?>
<!-- Generated by org.testng.reporters.JUnitReportReporter -->
<testsuite hostname="DESKTOP-DJM4LND" failures="0" tests="3" name="TestRunner.TestRunner2" time="297.492" errors="0" timestamp="2023-01-13T21:11:09 IST" skipped="0">
  <testcase classname="TestRunner.TestRunner2" name="runScenario" time="89.574"/>
  <system-out/>
  <testcase classname="TestRunner.TestRunner2" name="runScenario" time="81.859"/>
  <system-out/>
  <testcase classname="TestRunner.TestRunner2" name="runScenario" time="126.059"/>
  <system-out/>
</testsuite> <!-- TestRunner.TestRunner2 -->
