<?xml version="1.0" encoding="UTF-8"?>
<!-- Generated by org.testng.reporters.JUnitReportReporter -->
<testsuite hostname="DESKTOP-DJM4LND" failures="0" tests="3" name="TestRunner.TestRunner" time="78.085" errors="0" timestamp="2022-11-14T09:27:53 IST" skipped="0">
  <testcase classname="TestRunner.TestRunner" name="runScenario" time="29.618"/>
  <system-out/>
  <testcase classname="TestRunner.TestRunner" name="runScenario" time="22.753"/>
  <system-out/>
  <testcase classname="TestRunner.TestRunner" name="runScenario" time="25.714"/>
  <system-out/>
</testsuite> <!-- TestRunner.TestRunner -->
